<?xml version="1.0" encoding="UTF-8"?>
<!-- Generated by org.testng.reporters.JUnitReportReporter -->
<testsuite skipped="0" hostname="LAPTOP-G761GEVU" name="imageSearch.testCases.TC_ImageSearch_001" tests="1" failures="0" timestamp="30 May 2019 09:53:52 GMT" time="201.964" errors="0">
  <testcase name="image" time="201.964" classname="imageSearch.testCases.TC_ImageSearch_001"/>
</testsuite> <!-- imageSearch.testCases.TC_ImageSearch_001 -->
