<?xml version="1.0" encoding="UTF-8"?>
<!-- Generated by org.testng.reporters.JUnitReportReporter -->
<testsuite skipped="0" hostname="LAPTOP-G761GEVU" name="imageSearch.testCases.TC_ImageSearch_001" tests="1" failures="0" timestamp="30 May 2019 04:10:59 GMT" time="216.981" errors="0">
  <testcase name="image" time="216.981" classname="imageSearch.testCases.TC_ImageSearch_001"/>
</testsuite> <!-- imageSearch.testCases.TC_ImageSearch_001 -->
